2024-12-01 01:12:21,819 [Worker-6: Loading available Gradle versions] INFO  o.e.b.c.i.u.g.PublishedGradleVersions - Gradle version information cache is up-to-date. Trying to read.
2024-12-01 01:12:51,788 [Worker-23: Updating Maven Dependencies] INFO  o.e.m.c.i.l.LifecycleMappingFactory - Using org.maven.ide.eclipse.wtp.WarLifecycleMapping lifecycle mapping for MavenProject: com.example:withdrawal:0.0.1-SNAPSHOT @ C:\Users\Chandu\Downloads\Rms backend\withdrawal\pom.xml.
2024-12-01 01:12:54,770 [Worker-3: Building] INFO  o.e.m.c.i.l.LifecycleMappingFactory - Using org.maven.ide.eclipse.wtp.WarLifecycleMapping lifecycle mapping for MavenProject: com.capstone:AdminCapstone:0.0.1-SNAPSHOT @ C:\Users\Chandu\Downloads\Rms backend\AdminCapstone\pom.xml.
2024-12-01 01:12:56,002 [Worker-3: Building] INFO  o.a.m.s.f.DefaultMavenResourcesFiltering - Copying 2 resources from src\main\resources to target\classes
2024-12-01 01:12:56,018 [Worker-3: Building] INFO  o.a.m.s.f.DefaultMavenResourcesFiltering - Copying 0 resource from src\main\resources to target\classes
2024-12-01 01:12:56,023 [Worker-3: Building] INFO  o.a.m.s.f.DefaultMavenResourcesFiltering - skip non existing resourceDirectory C:\Users\Chandu\Downloads\Rms backend\AdminCapstone\src\test\resources
2024-12-01 01:12:57,341 [Worker-10: Building] INFO  o.e.m.c.i.l.LifecycleMappingFactory - Using org.maven.ide.eclipse.wtp.WarLifecycleMapping lifecycle mapping for MavenProject: com.capstone:AlertCapstone:0.0.1-SNAPSHOT @ C:\Users\Chandu\Downloads\Rms backend\AlertCapstone\pom.xml.
2024-12-01 01:12:58,000 [Worker-10: Building] INFO  o.a.m.s.f.DefaultMavenResourcesFiltering - Copying 2 resources from src\main\resources to target\classes
2024-12-01 01:12:58,016 [Worker-10: Building] INFO  o.a.m.s.f.DefaultMavenResourcesFiltering - Copying 0 resource from src\main\resources to target\classes
2024-12-01 01:12:58,022 [Worker-10: Building] INFO  o.a.m.s.f.DefaultMavenResourcesFiltering - skip non existing resourceDirectory C:\Users\Chandu\Downloads\Rms backend\AlertCapstone\src\test\resources
2024-12-01 01:12:58,619 [Worker-10: Building] INFO  o.e.m.c.i.l.LifecycleMappingFactory - Using org.maven.ide.eclipse.wtp.WarLifecycleMapping lifecycle mapping for MavenProject: com.RoyalityManagement:ArtistRequest:0.0.1-SNAPSHOT @ C:\Users\Chandu\Downloads\Rms backend\ArtistRequest\pom.xml.
2024-12-01 01:12:59,404 [Worker-10: Building] INFO  o.a.m.s.f.DefaultMavenResourcesFiltering - Copying 1 resource from src\main\resources to target\classes
2024-12-01 01:12:59,418 [Worker-10: Building] INFO  o.a.m.s.f.DefaultMavenResourcesFiltering - Copying 0 resource from src\main\resources to target\classes
2024-12-01 01:12:59,422 [Worker-10: Building] INFO  o.a.m.s.f.DefaultMavenResourcesFiltering - skip non existing resourceDirectory C:\Users\Chandu\Downloads\Rms backend\ArtistRequest\src\test\resources
2024-12-01 01:13:00,488 [Worker-21: Building] INFO  o.e.m.c.i.l.LifecycleMappingFactory - Using org.maven.ide.eclipse.wtp.WarLifecycleMapping lifecycle mapping for MavenProject: com.capstone:DashboardCapstone:0.0.1-SNAPSHOT @ C:\Users\Chandu\Downloads\Rms backend\DashboardCapstone\pom.xml.
2024-12-01 01:13:01,192 [Worker-21: Building] INFO  o.a.m.s.f.DefaultMavenResourcesFiltering - Copying 2 resources from src\main\resources to target\classes
2024-12-01 01:13:01,211 [Worker-21: Building] INFO  o.a.m.s.f.DefaultMavenResourcesFiltering - Copying 0 resource from src\main\resources to target\classes
2024-12-01 01:13:01,217 [Worker-21: Building] INFO  o.a.m.s.f.DefaultMavenResourcesFiltering - skip non existing resourceDirectory C:\Users\Chandu\Downloads\Rms backend\DashboardCapstone\src\test\resources
2024-12-01 01:13:01,570 [Worker-21: Building] INFO  o.e.m.c.i.l.LifecycleMappingFactory - Using org.maven.ide.eclipse.wtp.WarLifecycleMapping lifecycle mapping for MavenProject: com.capstone:EurekaServerCapstone:0.0.1-SNAPSHOT @ C:\Users\Chandu\Downloads\Rms backend\EurekaServerCapstone\pom.xml.
2024-12-01 01:13:02,342 [Worker-21: Building] INFO  o.a.m.s.f.DefaultMavenResourcesFiltering - Copying 2 resources from src\main\resources to target\classes
2024-12-01 01:13:02,356 [Worker-21: Building] INFO  o.a.m.s.f.DefaultMavenResourcesFiltering - Copying 0 resource from src\main\resources to target\classes
2024-12-01 01:13:02,362 [Worker-21: Building] INFO  o.a.m.s.f.DefaultMavenResourcesFiltering - skip non existing resourceDirectory C:\Users\Chandu\Downloads\Rms backend\EurekaServerCapstone\src\test\resources
2024-12-01 01:13:03,288 [Worker-0: Building] INFO  o.e.m.c.i.l.LifecycleMappingFactory - Using org.maven.ide.eclipse.wtp.WarLifecycleMapping lifecycle mapping for MavenProject: com.capstone:LoginCapstone:0.0.1-SNAPSHOT @ C:\Users\Chandu\Downloads\Rms backend\LoginCapstone\pom.xml.
2024-12-01 01:13:04,162 [Worker-0: Building] INFO  o.a.m.s.f.DefaultMavenResourcesFiltering - Copying 2 resources from src\main\resources to target\classes
2024-12-01 01:13:04,175 [Worker-0: Building] INFO  o.a.m.s.f.DefaultMavenResourcesFiltering - Copying 0 resource from src\main\resources to target\classes
2024-12-01 01:13:04,179 [Worker-0: Building] INFO  o.a.m.s.f.DefaultMavenResourcesFiltering - skip non existing resourceDirectory C:\Users\Chandu\Downloads\Rms backend\LoginCapstone\src\test\resources
2024-12-01 01:13:05,739 [Worker-5: Building] INFO  o.e.m.c.i.l.LifecycleMappingFactory - Using org.maven.ide.eclipse.wtp.WarLifecycleMapping lifecycle mapping for MavenProject: com.RoyaltyManagement:ManagerRequest:0.0.1-SNAPSHOT @ C:\Users\Chandu\Downloads\Rms backend\ManagerRequest\pom.xml.
2024-12-01 01:13:06,520 [Worker-5: Building] INFO  o.a.m.s.f.DefaultMavenResourcesFiltering - Copying 1 resource from src\main\resources to target\classes
2024-12-01 01:13:06,532 [Worker-5: Building] INFO  o.a.m.s.f.DefaultMavenResourcesFiltering - Copying 0 resource from src\main\resources to target\classes
2024-12-01 01:13:06,535 [Worker-5: Building] INFO  o.a.m.s.f.DefaultMavenResourcesFiltering - skip non existing resourceDirectory C:\Users\Chandu\Downloads\Rms backend\ManagerRequest\src\test\resources
2024-12-01 01:13:07,211 [Worker-12: Building] INFO  o.e.m.c.i.l.LifecycleMappingFactory - Using org.maven.ide.eclipse.wtp.WarLifecycleMapping lifecycle mapping for MavenProject: com.example:SongAddition:0.0.1-SNAPSHOT @ C:\Users\Chandu\Downloads\Rms backend\SongAddition\pom.xml.
2024-12-01 01:13:07,654 [Worker-12: Building] INFO  o.a.m.s.f.DefaultMavenResourcesFiltering - Copying 2 resources from src\main\resources to target\classes
2024-12-01 01:13:07,672 [Worker-12: Building] INFO  o.a.m.s.f.DefaultMavenResourcesFiltering - Copying 0 resource from src\main\resources to target\classes
2024-12-01 01:13:07,678 [Worker-12: Building] INFO  o.a.m.s.f.DefaultMavenResourcesFiltering - Copying 0 resource from src\test\resources to target\test-classes
2024-12-01 01:13:07,994 [Worker-12: Building] INFO  o.e.m.c.i.l.LifecycleMappingFactory - Using org.maven.ide.eclipse.wtp.WarLifecycleMapping lifecycle mapping for MavenProject: com.example:rms-microservice:0.0.1-SNAPSHOT @ C:\Users\Chandu\Downloads\Rms backend\rms-microservice\pom.xml.
2024-12-01 01:13:08,444 [Worker-12: Building] INFO  o.a.m.s.f.DefaultMavenResourcesFiltering - Copying 2 resources from src\main\resources to target\classes
2024-12-01 01:13:08,461 [Worker-12: Building] INFO  o.a.m.s.f.DefaultMavenResourcesFiltering - Copying 0 resource from src\main\resources to target\classes
2024-12-01 01:13:08,465 [Worker-12: Building] INFO  o.a.m.s.f.DefaultMavenResourcesFiltering - skip non existing resourceDirectory C:\Users\Chandu\Downloads\Rms backend\rms-microservice\src\test\resources
2024-12-01 01:13:08,739 [Worker-12: Building] INFO  o.e.m.c.i.l.LifecycleMappingFactory - Using org.maven.ide.eclipse.wtp.WarLifecycleMapping lifecycle mapping for MavenProject: com.example:SongAddition:0.0.1-SNAPSHOT @ C:\Users\Chandu\Downloads\Rms backend\userDetails\pom.xml.
2024-12-01 01:13:09,209 [Worker-12: Building] INFO  o.a.m.s.f.DefaultMavenResourcesFiltering - Copying 2 resources from src\main\resources to target\classes
2024-12-01 01:13:09,227 [Worker-12: Building] INFO  o.a.m.s.f.DefaultMavenResourcesFiltering - Copying 0 resource from src\main\resources to target\classes
2024-12-01 01:13:09,234 [Worker-12: Building] INFO  o.a.m.s.f.DefaultMavenResourcesFiltering - skip non existing resourceDirectory C:\Users\Chandu\Downloads\Rms backend\userDetails\src\test\resources
2024-12-01 01:13:09,477 [Worker-12: Building] INFO  o.a.m.s.f.DefaultMavenResourcesFiltering - Copying 2 resources from src\main\resources to target\classes
2024-12-01 01:13:09,496 [Worker-12: Building] INFO  o.a.m.s.f.DefaultMavenResourcesFiltering - Copying 0 resource from src\main\resources to target\classes
2024-12-01 01:13:09,501 [Worker-12: Building] INFO  o.a.m.s.f.DefaultMavenResourcesFiltering - skip non existing resourceDirectory C:\Users\Chandu\Downloads\Rms backend\withdrawal\src\test\resources
